生成启动时间为 2014/12/28 0:18:43。
     1>项目“C:\Users\Administrator\Documents\Visual Studio 2010\Projects\hehe\hehe\hehe.vcxproj”在节点 2 上(build 个目标)。
     1>InitializeBuildStatus:
         正在创建“x64\Release\hehe.unsuccessfulbuild”，因为已指定“AlwaysCreate”。
       ClCompile:
         所有输出均为最新。
         D:\vs2010\VC\bin\x86_amd64\CL.exe /c /Zi /nologo /W3 /WX- /O2 /Oi /GL /D WIN32 /D NDEBUG /D _CONSOLE /D _UNICODE /D UNICODE /Gm- /EHsc /MD /GS /Gy /fp:precise /Zc:wchar_t /Zc:forScope /Yu"StdAfx.h" /Fp"x64\Release\hehe.pch" /Fo"x64\Release\\" /Fd"x64\Release\vc100.pdb" /Gd /TP /errorReport:prompt objDetect.cpp
         objDetect.cpp
     1>objDetect.cpp(94): warning C4267: “初始化”: 从“size_t”转换到“int”，可能丢失数据
     1>objDetect.cpp(146): warning C4244: “初始化”: 从“double”转换到“int”，可能丢失数据
     1>objDetect.cpp(191): warning C4244: “初始化”: 从“double”转换到“int”，可能丢失数据
     1>objDetect.cpp(398): warning C4804: “<”: 在操作中使用类型“bool”不安全
     1>objDetect.cpp(412): warning C4244: “=”: 从“float”转换到“int”，可能丢失数据
     1>objDetect.cpp(413): warning C4244: “=”: 从“float”转换到“int”，可能丢失数据
     1>objDetect.cpp(448): warning C4267: “=”: 从“size_t”转换到“int”，可能丢失数据
     1>objDetect.cpp(318): warning C4101: “dataType”: 未引用的局部变量
     1>objDetect.cpp(511): warning C4267: “初始化”: 从“size_t”转换到“int”，可能丢失数据
       Link:
         D:\vs2010\VC\bin\x86_amd64\link.exe /ERRORREPORT:PROMPT /OUT:"C:\Users\Administrator\Documents\Visual Studio 2010\Projects\hehe\x64\Release\hehe.exe" /INCREMENTAL:NO /NOLOGO opencv_calib3d244.lib opencv_contrib244.lib opencv_core244.lib opencv_features2d244.lib opencv_flann244.lib opencv_gpu244.lib opencv_highgui244.lib opencv_imgproc244.lib opencv_legacy244.lib opencv_ml244.lib opencv_objdetect244.lib opencv_ts244.lib opencv_video244.lib opencv_nonfree244.lib opencv_haartraining_engine.lib opencv_calib3d244d.lib opencv_contrib244d.lib opencv_core244d.lib opencv_features2d244d.lib opencv_flann244d.lib opencv_gpu244d.lib opencv_highgui244d.lib opencv_imgproc244d.lib opencv_legacy244d.lib opencv_ml244d.lib opencv_objdetect244d.lib opencv_ts244d.lib opencv_video244d.lib opencv_nonfree244d.lib opencv_haartraining_engined.lib kernel32.lib user32.lib gdi32.lib winspool.lib comdlg32.lib advapi32.lib shell32.lib ole32.lib oleaut32.lib uuid.lib odbc32.lib odbccp32.lib /MANIFEST /ManifestFile:"x64\Release\hehe.exe.intermediate.manifest" /MANIFESTUAC:"level='asInvoker' uiAccess='false'" /DEBUG /PDB:"C:\Users\Administrator\Documents\Visual Studio 2010\Projects\hehe\x64\Release\hehe.pdb" /SUBSYSTEM:CONSOLE /OPT:REF /OPT:ICF /LTCG /TLBID:1 /DYNAMICBASE /NXCOMPAT /IMPLIB:"C:\Users\Administrator\Documents\Visual Studio 2010\Projects\hehe\x64\Release\hehe.lib" /MACHINE:X64 /PROFILE x64\Release\global.obj
         x64\Release\hehe.obj
         x64\Release\meanshiftFilter.obj
         x64\Release\MeanshiftSegmentProcessingForMyPic.obj
         x64\Release\msImagePro.obj
         x64\Release\objDetect.obj
         x64\Release\RAList.obj
         x64\Release\rlist.obj
         x64\Release\ROI.obj
         x64\Release\stdafx.obj
         正在生成代码
         已完成代码的生成
         hehe.vcxproj -> C:\Users\Administrator\Documents\Visual Studio 2010\Projects\hehe\x64\Release\hehe.exe
       Manifest:
         C:\Program Files (x86)\Microsoft SDKs\Windows\v7.0A\bin\mt.exe /nologo /verbose /out:"C:\Users\Administrator\Documents\Visual Studio 2010\Projects\hehe\x64\Release\hehe.exe.manifest" /manifest x64\Release\hehe.exe.intermediate.manifest
       FinalizeBuildStatus:
         正在删除文件“x64\Release\hehe.unsuccessfulbuild”。
         正在对“x64\Release\hehe.lastbuildstate”执行 Touch 任务。
     1>已完成生成项目“C:\Users\Administrator\Documents\Visual Studio 2010\Projects\hehe\hehe\hehe.vcxproj”(build 个目标)的操作。

生成成功。

已用时间 00:00:08.76
