C:\Users\Administrator\Documents\Visual Studio 2010\Projects\hehe\hehe\x64\Release\cl.command.1.tlog
C:\Users\Administrator\Documents\Visual Studio 2010\Projects\hehe\hehe\x64\Release\CL.read.1.tlog
C:\Users\Administrator\Documents\Visual Studio 2010\Projects\hehe\hehe\x64\Release\CL.write.1.tlog
C:\USERS\ADMINISTRATOR\DOCUMENTS\VISUAL STUDIO 2010\PROJECTS\HEHE\HEHE\X64\RELEASE\GLOBAL.OBJ
C:\USERS\ADMINISTRATOR\DOCUMENTS\VISUAL STUDIO 2010\PROJECTS\HEHE\HEHE\X64\RELEASE\HEHE.EXE.INTERMEDIATE.MANIFEST
C:\USERS\ADMINISTRATOR\DOCUMENTS\VISUAL STUDIO 2010\PROJECTS\HEHE\HEHE\X64\RELEASE\HEHE.OBJ
C:\USERS\ADMINISTRATOR\DOCUMENTS\VISUAL STUDIO 2010\PROJECTS\HEHE\HEHE\X64\RELEASE\HEHE.PCH.CODEANALYSIS
C:\Users\Administrator\Documents\Visual Studio 2010\Projects\hehe\hehe\x64\Release\hehe.write.1.tlog
C:\Users\Administrator\Documents\Visual Studio 2010\Projects\hehe\hehe\x64\Release\link.command.1.tlog
C:\Users\Administrator\Documents\Visual Studio 2010\Projects\hehe\hehe\x64\Release\link.read.1.tlog
C:\Users\Administrator\Documents\Visual Studio 2010\Projects\hehe\hehe\x64\Release\link.write.1.tlog
C:\USERS\ADMINISTRATOR\DOCUMENTS\VISUAL STUDIO 2010\PROJECTS\HEHE\HEHE\X64\RELEASE\MEANSHIFTFILTER.OBJ
C:\USERS\ADMINISTRATOR\DOCUMENTS\VISUAL STUDIO 2010\PROJECTS\HEHE\HEHE\X64\RELEASE\MEANSHIFTSEGMENTPROCESSINGFORMYPIC.OBJ
C:\USERS\ADMINISTRATOR\DOCUMENTS\VISUAL STUDIO 2010\PROJECTS\HEHE\HEHE\X64\RELEASE\MSIMAGEPRO.OBJ
C:\Users\Administrator\Documents\Visual Studio 2010\Projects\hehe\hehe\x64\Release\mt.command.1.tlog
C:\Users\Administrator\Documents\Visual Studio 2010\Projects\hehe\hehe\x64\Release\mt.read.1.tlog
C:\Users\Administrator\Documents\Visual Studio 2010\Projects\hehe\hehe\x64\Release\mt.write.1.tlog
C:\USERS\ADMINISTRATOR\DOCUMENTS\VISUAL STUDIO 2010\PROJECTS\HEHE\HEHE\X64\RELEASE\OBJDETECT.OBJ
C:\USERS\ADMINISTRATOR\DOCUMENTS\VISUAL STUDIO 2010\PROJECTS\HEHE\HEHE\X64\RELEASE\RALIST.OBJ
C:\USERS\ADMINISTRATOR\DOCUMENTS\VISUAL STUDIO 2010\PROJECTS\HEHE\HEHE\X64\RELEASE\RLIST.OBJ
C:\USERS\ADMINISTRATOR\DOCUMENTS\VISUAL STUDIO 2010\PROJECTS\HEHE\HEHE\X64\RELEASE\STDAFX.OBJ
C:\USERS\ADMINISTRATOR\DOCUMENTS\VISUAL STUDIO 2010\PROJECTS\HEHE\HEHE\X64\RELEASE\VC100.PDB
C:\USERS\ADMINISTRATOR\DOCUMENTS\VISUAL STUDIO 2010\PROJECTS\HEHE\X64\RELEASE\HEHE.EXE
C:\Users\Administrator\Documents\Visual Studio 2010\Projects\hehe\x64\Release\hehe.exe.CodeAnalysisLog.xml
C:\Users\Administrator\Documents\Visual Studio 2010\Projects\hehe\x64\Release\hehe.exe.lastcodeanalysissucceeded
C:\USERS\ADMINISTRATOR\DOCUMENTS\VISUAL STUDIO 2010\PROJECTS\HEHE\X64\RELEASE\HEHE.EXE.MANIFEST
C:\USERS\ADMINISTRATOR\DOCUMENTS\VISUAL STUDIO 2010\PROJECTS\HEHE\X64\RELEASE\HEHE.PDB
