C:\Users\Administrator\Documents\Visual Studio 2010\Projects\hehe\hehe\x64\Debug\cl.command.1.tlog
C:\Users\Administrator\Documents\Visual Studio 2010\Projects\hehe\hehe\x64\Debug\CL.read.1.tlog
C:\Users\Administrator\Documents\Visual Studio 2010\Projects\hehe\hehe\x64\Debug\CL.write.1.tlog
C:\USERS\ADMINISTRATOR\DOCUMENTS\VISUAL STUDIO 2010\PROJECTS\HEHE\HEHE\X64\DEBUG\GLOBAL.OBJ
C:\USERS\ADMINISTRATOR\DOCUMENTS\VISUAL STUDIO 2010\PROJECTS\HEHE\HEHE\X64\DEBUG\HEHE.EXE.INTERMEDIATE.MANIFEST
C:\USERS\ADMINISTRATOR\DOCUMENTS\VISUAL STUDIO 2010\PROJECTS\HEHE\HEHE\X64\DEBUG\HEHE.OBJ
C:\USERS\ADMINISTRATOR\DOCUMENTS\VISUAL STUDIO 2010\PROJECTS\HEHE\HEHE\X64\DEBUG\HEHE.PCH
C:\Users\Administrator\Documents\Visual Studio 2010\Projects\hehe\hehe\x64\Debug\hehe.vcxprojResolveAssemblyReference.cache
C:\Users\Administrator\Documents\Visual Studio 2010\Projects\hehe\hehe\x64\Debug\hehe.write.1.tlog
C:\Users\Administrator\Documents\Visual Studio 2010\Projects\hehe\hehe\x64\Debug\link.command.1.tlog
C:\Users\Administrator\Documents\Visual Studio 2010\Projects\hehe\hehe\x64\Debug\link.read.1.tlog
C:\Users\Administrator\Documents\Visual Studio 2010\Projects\hehe\hehe\x64\Debug\link.write.1.tlog
C:\USERS\ADMINISTRATOR\DOCUMENTS\VISUAL STUDIO 2010\PROJECTS\HEHE\HEHE\X64\DEBUG\MEANSHIFTFILTER.OBJ
C:\USERS\ADMINISTRATOR\DOCUMENTS\VISUAL STUDIO 2010\PROJECTS\HEHE\HEHE\X64\DEBUG\MEANSHIFTSEGMENTPROCESSINGFORMYPIC.OBJ
C:\USERS\ADMINISTRATOR\DOCUMENTS\VISUAL STUDIO 2010\PROJECTS\HEHE\HEHE\X64\DEBUG\MSIMAGEPRO.OBJ
C:\Users\Administrator\Documents\Visual Studio 2010\Projects\hehe\hehe\x64\Debug\mt.command.1.tlog
C:\Users\Administrator\Documents\Visual Studio 2010\Projects\hehe\hehe\x64\Debug\mt.read.1.tlog
C:\Users\Administrator\Documents\Visual Studio 2010\Projects\hehe\hehe\x64\Debug\mt.write.1.tlog
C:\USERS\ADMINISTRATOR\DOCUMENTS\VISUAL STUDIO 2010\PROJECTS\HEHE\HEHE\X64\DEBUG\OBJDETECT.OBJ
C:\USERS\ADMINISTRATOR\DOCUMENTS\VISUAL STUDIO 2010\PROJECTS\HEHE\HEHE\X64\DEBUG\RALIST.OBJ
C:\USERS\ADMINISTRATOR\DOCUMENTS\VISUAL STUDIO 2010\PROJECTS\HEHE\HEHE\X64\DEBUG\RLIST.OBJ
C:\USERS\ADMINISTRATOR\DOCUMENTS\VISUAL STUDIO 2010\PROJECTS\HEHE\HEHE\X64\DEBUG\STDAFX.OBJ
C:\Users\Administrator\Documents\Visual Studio 2010\Projects\hehe\hehe\x64\Debug\vc100.idb
C:\USERS\ADMINISTRATOR\DOCUMENTS\VISUAL STUDIO 2010\PROJECTS\HEHE\HEHE\X64\DEBUG\VC100.PDB
C:\USERS\ADMINISTRATOR\DOCUMENTS\VISUAL STUDIO 2010\PROJECTS\HEHE\X64\DEBUG\HEHE.EXE
C:\USERS\ADMINISTRATOR\DOCUMENTS\VISUAL STUDIO 2010\PROJECTS\HEHE\X64\DEBUG\HEHE.EXE.MANIFEST
C:\USERS\ADMINISTRATOR\DOCUMENTS\VISUAL STUDIO 2010\PROJECTS\HEHE\X64\DEBUG\HEHE.PDB
