C:\Users\Administrator\Documents\Visual Studio 2010\Projects\hehe\hehe\x64\Debug\cl.command.1.tlog
C:\Users\Administrator\Documents\Visual Studio 2010\Projects\hehe\hehe\x64\Debug\CL.read.1.tlog
C:\Users\Administrator\Documents\Visual Studio 2010\Projects\hehe\hehe\x64\Debug\CL.write.1.tlog
C:\Users\Administrator\Documents\Visual Studio 2010\Projects\hehe\hehe\x64\Debug\hehe.exe.embed.manifest
C:\USERS\ADMINISTRATOR\DOCUMENTS\VISUAL STUDIO 2010\PROJECTS\HEHE\HEHE\X64\DEBUG\HEHE.EXE.EMBED.MANIFEST.RES
C:\USERS\ADMINISTRATOR\DOCUMENTS\VISUAL STUDIO 2010\PROJECTS\HEHE\HEHE\X64\DEBUG\HEHE.EXE.INTERMEDIATE.MANIFEST
C:\USERS\ADMINISTRATOR\DOCUMENTS\VISUAL STUDIO 2010\PROJECTS\HEHE\HEHE\X64\DEBUG\HEHE.OBJ
C:\USERS\ADMINISTRATOR\DOCUMENTS\VISUAL STUDIO 2010\PROJECTS\HEHE\HEHE\X64\DEBUG\HEHE.PCH
C:\Users\Administrator\Documents\Visual Studio 2010\Projects\hehe\hehe\x64\Debug\hehe.vcxprojResolveAssemblyReference.cache
C:\Users\Administrator\Documents\Visual Studio 2010\Projects\hehe\hehe\x64\Debug\hehe.write.1.tlog
C:\Users\Administrator\Documents\Visual Studio 2010\Projects\hehe\hehe\x64\Debug\hehe_manifest.rc
C:\Users\Administrator\Documents\Visual Studio 2010\Projects\hehe\hehe\x64\Debug\link.14032.read.1.tlog
C:\Users\Administrator\Documents\Visual Studio 2010\Projects\hehe\hehe\x64\Debug\link.14032.write.1.tlog
C:\Users\Administrator\Documents\Visual Studio 2010\Projects\hehe\hehe\x64\Debug\link.14284.read.1.tlog
C:\Users\Administrator\Documents\Visual Studio 2010\Projects\hehe\hehe\x64\Debug\link.14284.write.1.tlog
C:\Users\Administrator\Documents\Visual Studio 2010\Projects\hehe\hehe\x64\Debug\link.15552.read.1.tlog
C:\Users\Administrator\Documents\Visual Studio 2010\Projects\hehe\hehe\x64\Debug\link.15552.write.1.tlog
C:\Users\Administrator\Documents\Visual Studio 2010\Projects\hehe\hehe\x64\Debug\link.15708.read.1.tlog
C:\Users\Administrator\Documents\Visual Studio 2010\Projects\hehe\hehe\x64\Debug\link.15708.write.1.tlog
C:\Users\Administrator\Documents\Visual Studio 2010\Projects\hehe\hehe\x64\Debug\link.1748.read.1.tlog
C:\Users\Administrator\Documents\Visual Studio 2010\Projects\hehe\hehe\x64\Debug\link.1748.write.1.tlog
C:\Users\Administrator\Documents\Visual Studio 2010\Projects\hehe\hehe\x64\Debug\link.1968.read.1.tlog
C:\Users\Administrator\Documents\Visual Studio 2010\Projects\hehe\hehe\x64\Debug\link.1968.write.1.tlog
C:\Users\Administrator\Documents\Visual Studio 2010\Projects\hehe\hehe\x64\Debug\link.2880.read.1.tlog
C:\Users\Administrator\Documents\Visual Studio 2010\Projects\hehe\hehe\x64\Debug\link.2880.write.1.tlog
C:\Users\Administrator\Documents\Visual Studio 2010\Projects\hehe\hehe\x64\Debug\link.3176.read.1.tlog
C:\Users\Administrator\Documents\Visual Studio 2010\Projects\hehe\hehe\x64\Debug\link.3176.write.1.tlog
C:\Users\Administrator\Documents\Visual Studio 2010\Projects\hehe\hehe\x64\Debug\link.3200.read.1.tlog
C:\Users\Administrator\Documents\Visual Studio 2010\Projects\hehe\hehe\x64\Debug\link.3200.write.1.tlog
C:\Users\Administrator\Documents\Visual Studio 2010\Projects\hehe\hehe\x64\Debug\link.3764.read.1.tlog
C:\Users\Administrator\Documents\Visual Studio 2010\Projects\hehe\hehe\x64\Debug\link.3764.write.1.tlog
C:\Users\Administrator\Documents\Visual Studio 2010\Projects\hehe\hehe\x64\Debug\link.3880.read.1.tlog
C:\Users\Administrator\Documents\Visual Studio 2010\Projects\hehe\hehe\x64\Debug\link.3880.write.1.tlog
C:\Users\Administrator\Documents\Visual Studio 2010\Projects\hehe\hehe\x64\Debug\link.4052.read.1.tlog
C:\Users\Administrator\Documents\Visual Studio 2010\Projects\hehe\hehe\x64\Debug\link.4052.write.1.tlog
C:\Users\Administrator\Documents\Visual Studio 2010\Projects\hehe\hehe\x64\Debug\link.4132.read.1.tlog
C:\Users\Administrator\Documents\Visual Studio 2010\Projects\hehe\hehe\x64\Debug\link.4132.write.1.tlog
C:\Users\Administrator\Documents\Visual Studio 2010\Projects\hehe\hehe\x64\Debug\link.4224.read.1.tlog
C:\Users\Administrator\Documents\Visual Studio 2010\Projects\hehe\hehe\x64\Debug\link.4224.write.1.tlog
C:\Users\Administrator\Documents\Visual Studio 2010\Projects\hehe\hehe\x64\Debug\link.4448.read.1.tlog
C:\Users\Administrator\Documents\Visual Studio 2010\Projects\hehe\hehe\x64\Debug\link.4448.write.1.tlog
C:\Users\Administrator\Documents\Visual Studio 2010\Projects\hehe\hehe\x64\Debug\link.4520.read.1.tlog
C:\Users\Administrator\Documents\Visual Studio 2010\Projects\hehe\hehe\x64\Debug\link.4520.write.1.tlog
C:\Users\Administrator\Documents\Visual Studio 2010\Projects\hehe\hehe\x64\Debug\link.4672.read.1.tlog
C:\Users\Administrator\Documents\Visual Studio 2010\Projects\hehe\hehe\x64\Debug\link.4672.write.1.tlog
C:\Users\Administrator\Documents\Visual Studio 2010\Projects\hehe\hehe\x64\Debug\link.4836.read.1.tlog
C:\Users\Administrator\Documents\Visual Studio 2010\Projects\hehe\hehe\x64\Debug\link.4836.write.1.tlog
C:\Users\Administrator\Documents\Visual Studio 2010\Projects\hehe\hehe\x64\Debug\link.4844.read.1.tlog
C:\Users\Administrator\Documents\Visual Studio 2010\Projects\hehe\hehe\x64\Debug\link.4844.write.1.tlog
C:\Users\Administrator\Documents\Visual Studio 2010\Projects\hehe\hehe\x64\Debug\link.5044.read.1.tlog
C:\Users\Administrator\Documents\Visual Studio 2010\Projects\hehe\hehe\x64\Debug\link.5044.write.1.tlog
C:\Users\Administrator\Documents\Visual Studio 2010\Projects\hehe\hehe\x64\Debug\link.5096.read.1.tlog
C:\Users\Administrator\Documents\Visual Studio 2010\Projects\hehe\hehe\x64\Debug\link.5096.write.1.tlog
C:\Users\Administrator\Documents\Visual Studio 2010\Projects\hehe\hehe\x64\Debug\link.5112.read.1.tlog
C:\Users\Administrator\Documents\Visual Studio 2010\Projects\hehe\hehe\x64\Debug\link.5112.write.1.tlog
C:\Users\Administrator\Documents\Visual Studio 2010\Projects\hehe\hehe\x64\Debug\link.5232.read.1.tlog
C:\Users\Administrator\Documents\Visual Studio 2010\Projects\hehe\hehe\x64\Debug\link.5232.write.1.tlog
C:\Users\Administrator\Documents\Visual Studio 2010\Projects\hehe\hehe\x64\Debug\link.5540.read.1.tlog
C:\Users\Administrator\Documents\Visual Studio 2010\Projects\hehe\hehe\x64\Debug\link.5540.write.1.tlog
C:\Users\Administrator\Documents\Visual Studio 2010\Projects\hehe\hehe\x64\Debug\link.5740.read.1.tlog
C:\Users\Administrator\Documents\Visual Studio 2010\Projects\hehe\hehe\x64\Debug\link.5740.write.1.tlog
C:\Users\Administrator\Documents\Visual Studio 2010\Projects\hehe\hehe\x64\Debug\link.5748.read.1.tlog
C:\Users\Administrator\Documents\Visual Studio 2010\Projects\hehe\hehe\x64\Debug\link.5748.write.1.tlog
C:\Users\Administrator\Documents\Visual Studio 2010\Projects\hehe\hehe\x64\Debug\link.6036.read.1.tlog
C:\Users\Administrator\Documents\Visual Studio 2010\Projects\hehe\hehe\x64\Debug\link.6036.write.1.tlog
C:\Users\Administrator\Documents\Visual Studio 2010\Projects\hehe\hehe\x64\Debug\link.7376.read.1.tlog
C:\Users\Administrator\Documents\Visual Studio 2010\Projects\hehe\hehe\x64\Debug\link.7376.write.1.tlog
C:\Users\Administrator\Documents\Visual Studio 2010\Projects\hehe\hehe\x64\Debug\link.7468.read.1.tlog
C:\Users\Administrator\Documents\Visual Studio 2010\Projects\hehe\hehe\x64\Debug\link.7468.write.1.tlog
C:\Users\Administrator\Documents\Visual Studio 2010\Projects\hehe\hehe\x64\Debug\link.8048.read.1.tlog
C:\Users\Administrator\Documents\Visual Studio 2010\Projects\hehe\hehe\x64\Debug\link.8048.write.1.tlog
C:\Users\Administrator\Documents\Visual Studio 2010\Projects\hehe\hehe\x64\Debug\link.8796.read.1.tlog
C:\Users\Administrator\Documents\Visual Studio 2010\Projects\hehe\hehe\x64\Debug\link.8796.write.1.tlog
C:\Users\Administrator\Documents\Visual Studio 2010\Projects\hehe\hehe\x64\Debug\link.8836.read.1.tlog
C:\Users\Administrator\Documents\Visual Studio 2010\Projects\hehe\hehe\x64\Debug\link.8836.write.1.tlog
C:\Users\Administrator\Documents\Visual Studio 2010\Projects\hehe\hehe\x64\Debug\link.9284.read.1.tlog
C:\Users\Administrator\Documents\Visual Studio 2010\Projects\hehe\hehe\x64\Debug\link.9284.write.1.tlog
C:\Users\Administrator\Documents\Visual Studio 2010\Projects\hehe\hehe\x64\Debug\link.9888.read.1.tlog
C:\Users\Administrator\Documents\Visual Studio 2010\Projects\hehe\hehe\x64\Debug\link.9888.write.1.tlog
C:\Users\Administrator\Documents\Visual Studio 2010\Projects\hehe\hehe\x64\Debug\link.command.1.tlog
C:\Users\Administrator\Documents\Visual Studio 2010\Projects\hehe\hehe\x64\Debug\link.read.1.tlog
C:\Users\Administrator\Documents\Visual Studio 2010\Projects\hehe\hehe\x64\Debug\link.write.1.tlog
C:\Users\Administrator\Documents\Visual Studio 2010\Projects\hehe\hehe\x64\Debug\mt.command.1.tlog
C:\Users\Administrator\Documents\Visual Studio 2010\Projects\hehe\hehe\x64\Debug\mt.read.1.tlog
C:\Users\Administrator\Documents\Visual Studio 2010\Projects\hehe\hehe\x64\Debug\mt.write.1.tlog
C:\Users\Administrator\Documents\Visual Studio 2010\Projects\hehe\hehe\x64\Debug\rc.command.1.tlog
C:\Users\Administrator\Documents\Visual Studio 2010\Projects\hehe\hehe\x64\Debug\rc.read.1.tlog
C:\Users\Administrator\Documents\Visual Studio 2010\Projects\hehe\hehe\x64\Debug\rc.write.1.tlog
C:\USERS\ADMINISTRATOR\DOCUMENTS\VISUAL STUDIO 2010\PROJECTS\HEHE\HEHE\X64\DEBUG\STDAFX.OBJ
C:\Users\Administrator\Documents\Visual Studio 2010\Projects\hehe\hehe\x64\Debug\vc100.idb
C:\USERS\ADMINISTRATOR\DOCUMENTS\VISUAL STUDIO 2010\PROJECTS\HEHE\HEHE\X64\DEBUG\VC100.PDB
C:\USERS\ADMINISTRATOR\DOCUMENTS\VISUAL STUDIO 2010\PROJECTS\HEHE\X64\DEBUG\HEHE.EXE
C:\USERS\ADMINISTRATOR\DOCUMENTS\VISUAL STUDIO 2010\PROJECTS\HEHE\X64\DEBUG\HEHE.EXE.MANIFEST
C:\USERS\ADMINISTRATOR\DOCUMENTS\VISUAL STUDIO 2010\PROJECTS\HEHE\X64\DEBUG\HEHE.ILK
C:\USERS\ADMINISTRATOR\DOCUMENTS\VISUAL STUDIO 2010\PROJECTS\HEHE\X64\DEBUG\HEHE.PDB
